<?xml version="1.0" encoding="utf-8"?><testsuites name="pytest tests"><testsuite name="pytest" errors="0" failures="0" skipped="0" tests="22" time="70.371" timestamp="2026-02-27T19:08:13.157952+00:00" hostname="agent-env-8ab84db9-d9a1-47f5-bc20-600e0f623bc3"><testcase classname="backend.tests.test_global_markets.TestMarketUniverse" name="test_universe_returns_163_plus_stocks" time="0.270" /><testcase classname="backend.tests.test_global_markets.TestMarketUniverse" name="test_universe_structure" time="0.139" /><testcase classname="backend.tests.test_global_markets.TestScreenerRegionFilter" name="test_screener_europe_region" time="11.591" /><testcase classname="backend.tests.test_global_markets.TestScreenerRegionFilter" name="test_screener_asia_region" time="17.001" /><testcase classname="backend.tests.test_global_markets.TestScreenerRegionFilter" name="test_screener_us_region" time="10.074" /><testcase classname="backend.tests.test_global_markets.TestScreenerRegionFilter" name="test_screener_sector_filter" time="2.316" /><testcase classname="backend.tests.test_global_markets.TestTechnicalIndicators" name="test_technical_indicators_aapl" time="0.259" /><testcase classname="backend.tests.test_global_markets.TestTechnicalIndicators" name="test_technical_indicators_european_stock" time="0.284" /><testcase classname="backend.tests.test_global_markets.TestImpactScore" name="test_impact_score_aapl" time="0.367" /><testcase classname="backend.tests.test_global_markets.TestImpactScore" name="test_impact_score_tsm" time="0.237" /><testcase classname="backend.tests.test_global_markets.TestImpactScore" name="test_impact_score_factors_structure" time="0.126" /><testcase classname="backend.tests.test_global_markets.TestCoreEndpoints" name="test_api_root" time="0.147" /><testcase classname="backend.tests.test_global_markets.TestCoreEndpoints" name="test_market_quote_aapl" time="0.274" /><testcase classname="backend.tests.test_global_markets.TestCoreEndpoints" name="test_market_indices" time="4.532" /><testcase classname="backend.tests.test_global_markets.TestCoreEndpoints" name="test_conflicts_endpoint" time="0.571" /><testcase classname="backend.tests.test_global_markets.TestCoreEndpoints" name="test_news_endpoint" time="0.138" /><testcase classname="backend.tests.test_global_markets.TestCoreEndpoints" name="test_supply_chain_aapl" time="0.259" /><testcase classname="backend.tests.test_global_markets.TestCoreEndpoints" name="test_watchlist_crud" time="0.476" /><testcase classname="backend.tests.test_global_markets.TestScreenerAssetTypes" name="test_screener_stocks_default" time="8.149" /><testcase classname="backend.tests.test_global_markets.TestScreenerAssetTypes" name="test_screener_commodities" time="6.058" /><testcase classname="backend.tests.test_global_markets.TestScreenerAssetTypes" name="test_screener_forex" time="3.629" /><testcase classname="backend.tests.test_global_markets.TestScreenerAssetTypes" name="test_screener_indices" time="3.394" /></testsuite></testsuites>