<?xml version="1.0" encoding="utf-8"?><testsuites name="pytest tests"><testsuite name="pytest" errors="0" failures="0" skipped="0" tests="15" time="2.348" timestamp="2026-02-27T20:29:27.155252+00:00" hostname="agent-env-174caede-0f3c-49f2-83fa-033a5cd01bdc"><testcase classname="backend.tests.test_shipping.TestShippingRoutes" name="test_get_all_routes" time="0.185" /><testcase classname="backend.tests.test_shipping.TestShippingRoutes" name="test_get_maritime_routes_only" time="0.134" /><testcase classname="backend.tests.test_shipping.TestShippingRoutes" name="test_get_air_routes_only" time="0.188" /><testcase classname="backend.tests.test_shipping.TestShippingRoutes" name="test_route_structure" time="0.205" /><testcase classname="backend.tests.test_shipping.TestShippingRoutes" name="test_disrupted_routes_have_positive_disruption_level" time="0.150" /><testcase classname="backend.tests.test_shipping.TestShippingPorts" name="test_get_all_ports" time="0.141" /><testcase classname="backend.tests.test_shipping.TestShippingPorts" name="test_seaports_count" time="0.113" /><testcase classname="backend.tests.test_shipping.TestShippingPorts" name="test_airports_count" time="0.162" /><testcase classname="backend.tests.test_shipping.TestShippingPorts" name="test_port_structure" time="0.155" /><testcase classname="backend.tests.test_shipping.TestShippingStats" name="test_get_stats" time="0.184" /><testcase classname="backend.tests.test_shipping.TestShippingStats" name="test_stats_values" time="0.128" /><testcase classname="backend.tests.test_shipping.TestShippingStats" name="test_risk_summary" time="0.136" /><testcase classname="backend.tests.test_shipping.TestConflictIntegration" name="test_routes_affected_by_conflicts_count" time="0.114" /><testcase classname="backend.tests.test_shipping.TestConflictIntegration" name="test_specific_disrupted_routes" time="0.135" /><testcase classname="backend.tests.test_shipping.TestConflictIntegration" name="test_volume_at_risk_calculation" time="0.130" /></testsuite></testsuites>