<?xml version="1.0" encoding="utf-8"?><testsuites name="pytest tests"><testsuite name="pytest" errors="0" failures="2" skipped="0" tests="17" time="51.658" timestamp="2026-02-27T20:47:54.196123+00:00" hostname="agent-env-174caede-0f3c-49f2-83fa-033a5cd01bdc"><testcase classname="backend.tests.test_country_data.TestCountryDataAPI" name="test_get_france_country_data" time="0.212" /><testcase classname="backend.tests.test_country_data.TestCountryDataAPI" name="test_get_us_country_data" time="0.116" /><testcase classname="backend.tests.test_country_data.TestCountryDataAPI" name="test_get_china_country_data" time="0.113" /><testcase classname="backend.tests.test_country_data.TestCountryDataAPI" name="test_get_japan_country_data" time="0.136" /><testcase classname="backend.tests.test_country_data.TestCountryDataAPI" name="test_country_data_structure_complete" time="6.124" /><testcase classname="backend.tests.test_country_data.TestCountryDataAPI" name="test_economic_data_values" time="5.918" /><testcase classname="backend.tests.test_country_data.TestCountryDataAPI" name="test_demographic_data_values" time="5.405" /><testcase classname="backend.tests.test_country_data.TestCountrySearchAPI" name="test_search_germany" time="0.428" /><testcase classname="backend.tests.test_country_data.TestCountrySearchAPI" name="test_search_partial_name" time="0.356" /><testcase classname="backend.tests.test_country_data.TestCountrySearchAPI" name="test_search_empty_results" time="0.338" /><testcase classname="backend.tests.test_country_data.TestCountriesListAPI" name="test_get_countries_list" time="0.489" /><testcase classname="backend.tests.test_country_data.TestCountriesListAPI" name="test_countries_list_structure" time="0.436" /><testcase classname="backend.tests.test_country_data.TestCountriesListAPI" name="test_countries_list_sorted" time="0.544"><failure message="AssertionError: Countries list should be sorted alphabetically&#10;assert ['Afghanistan...'Angola', ...] == ['Afghanistan...'Angola', ...]&#10;  &#10;  At index 57 diff: 'DR Congo' != 'Denmark'&#10;  &#10;  Full diff:&#10;    [&#10;        'Afghanistan',&#10;        'Albania',...&#10;  &#10;  ...Full output truncated (250 lines hidden), use '-vv' to show">backend/tests/test_country_data.py:268: in test_countries_list_sorted
    assert names == sorted_names, "Countries list should be sorted alphabetically"
E   AssertionError: Countries list should be sorted alphabetically
E   assert ['Afghanistan...'Angola', ...] == ['Afghanistan...'Angola', ...]
E     
E     At index 57 diff: 'DR Congo' != 'Denmark'
E     
E     Full diff:
E       [
E           'Afghanistan',
E           'Albania',...
E     
E     ...Full output truncated (250 lines hidden), use '-vv' to show</failure></testcase><testcase classname="backend.tests.test_country_data.TestCountryNotFound" name="test_invalid_country_code" time="0.285" /><testcase classname="backend.tests.test_country_data.TestCountryNotFound" name="test_nonexistent_country" time="0.262" /><testcase classname="backend.tests.test_country_data.TestCountryBasicInfoFields" name="test_flag_url_valid" time="0.146" /><testcase classname="backend.tests.test_country_data.TestCountryBasicInfoFields" name="test_currency_info" time="30.086"><failure message="requests.exceptions.ReadTimeout: HTTPSConnectionPool(host='bloomberg-terminal.preview.emergentagent.com', port=443): Read timed out. (read timeout=30)">/root/.venv/lib/python3.11/site-packages/urllib3/connectionpool.py:534: in _make_request
    response = conn.getresponse()
               ^^^^^^^^^^^^^^^^^^
/root/.venv/lib/python3.11/site-packages/urllib3/connection.py:571: in getresponse
    httplib_response = super().getresponse()
                       ^^^^^^^^^^^^^^^^^^^^^
/usr/local/lib/python3.11/http/client.py:1395: in getresponse
    response.begin()
/usr/local/lib/python3.11/http/client.py:325: in begin
    version, status, reason = self._read_status()
                              ^^^^^^^^^^^^^^^^^^^
/usr/local/lib/python3.11/http/client.py:286: in _read_status
    line = str(self.fp.readline(_MAXLINE + 1), "iso-8859-1")
               ^^^^^^^^^^^^^^^^^^^^^^^^^^^^^^
/usr/local/lib/python3.11/socket.py:718: in readinto
    return self._sock.recv_into(b)
           ^^^^^^^^^^^^^^^^^^^^^^^
/usr/local/lib/python3.11/ssl.py:1314: in recv_into
    return self.read(nbytes, buffer)
           ^^^^^^^^^^^^^^^^^^^^^^^^^
/usr/local/lib/python3.11/ssl.py:1166: in read
    return self._sslobj.read(len, buffer)
           ^^^^^^^^^^^^^^^^^^^^^^^^^^^^^^
E   TimeoutError: The read operation timed out

The above exception was the direct cause of the following exception:
/root/.venv/lib/python3.11/site-packages/requests/adapters.py:644: in send
    resp = conn.urlopen(
/root/.venv/lib/python3.11/site-packages/urllib3/connectionpool.py:841: in urlopen
    retries = retries.increment(
/root/.venv/lib/python3.11/site-packages/urllib3/util/retry.py:490: in increment
    raise reraise(type(error), error, _stacktrace)
          ^^^^^^^^^^^^^^^^^^^^^^^^^^^^^^^^^^^^^^^^
/root/.venv/lib/python3.11/site-packages/urllib3/util/util.py:39: in reraise
    raise value
/root/.venv/lib/python3.11/site-packages/urllib3/connectionpool.py:787: in urlopen
    response = self._make_request(
/root/.venv/lib/python3.11/site-packages/urllib3/connectionpool.py:536: in _make_request
    self._raise_timeout(err=e, url=url, timeout_value=read_timeout)
/root/.venv/lib/python3.11/site-packages/urllib3/connectionpool.py:367: in _raise_timeout
    raise ReadTimeoutError(
E   urllib3.exceptions.ReadTimeoutError: HTTPSConnectionPool(host='bloomberg-terminal.preview.emergentagent.com', port=443): Read timed out. (read timeout=30)

During handling of the above exception, another exception occurred:
backend/tests/test_country_data.py:304: in test_currency_info
    response = requests.get(f"{BASE_URL}/api/country/AU", timeout=30)
               ^^^^^^^^^^^^^^^^^^^^^^^^^^^^^^^^^^^^^^^^^^^^^^^^^^^^^^
/root/.venv/lib/python3.11/site-packages/requests/api.py:73: in get
    return request("get", url, params=params, **kwargs)
           ^^^^^^^^^^^^^^^^^^^^^^^^^^^^^^^^^^^^^^^^^^^^
/root/.venv/lib/python3.11/site-packages/requests/api.py:59: in request
    return session.request(method=method, url=url, **kwargs)
           ^^^^^^^^^^^^^^^^^^^^^^^^^^^^^^^^^^^^^^^^^^^^^^^^^
/root/.venv/lib/python3.11/site-packages/requests/sessions.py:589: in request
    resp = self.send(prep, **send_kwargs)
           ^^^^^^^^^^^^^^^^^^^^^^^^^^^^^^
/root/.venv/lib/python3.11/site-packages/requests/sessions.py:703: in send
    r = adapter.send(request, **kwargs)
        ^^^^^^^^^^^^^^^^^^^^^^^^^^^^^^^
/root/.venv/lib/python3.11/site-packages/requests/adapters.py:690: in send
    raise ReadTimeout(e, request=request)
E   requests.exceptions.ReadTimeout: HTTPSConnectionPool(host='bloomberg-terminal.preview.emergentagent.com', port=443): Read timed out. (read timeout=30)</failure></testcase></testsuite></testsuites>