<?xml version="1.0" encoding="utf-8"?><testsuites name="pytest tests"><testsuite name="pytest" errors="0" failures="1" skipped="0" tests="16" time="44.911" timestamp="2026-02-27T19:35:06.243773+00:00" hostname="agent-env-174caede-0f3c-49f2-83fa-033a5cd01bdc"><testcase classname="tests.test_options_earnings.TestOptionsExpirations" name="test_options_expirations_aapl" time="0.525" /><testcase classname="tests.test_options_earnings.TestOptionsExpirations" name="test_options_expirations_invalid_symbol" time="0.235" /><testcase classname="tests.test_options_earnings.TestOptionsChain" name="test_options_chain_aapl" time="0.648" /><testcase classname="tests.test_options_earnings.TestOptionsChain" name="test_options_chain_has_underlying_price" time="0.313" /><testcase classname="tests.test_options_earnings.TestEarningsCalendar" name="test_earnings_calendar_default" time="14.260" /><testcase classname="tests.test_options_earnings.TestEarningsCalendar" name="test_earnings_calendar_60_days" time="0.145" /><testcase classname="tests.test_options_earnings.TestEarningsCalendar" name="test_earnings_calendar_us_region" time="7.630" /><testcase classname="tests.test_options_earnings.TestEarningsCalendar" name="test_earnings_calendar_europe_region" time="7.206" /><testcase classname="tests.test_options_earnings.TestEarningsCalendar" name="test_earnings_calendar_asia_region" time="11.193" /><testcase classname="tests.test_options_earnings.TestEarningsSymbol" name="test_earnings_symbol_aapl" time="0.499" /><testcase classname="tests.test_options_earnings.TestEarningsSymbol" name="test_earnings_symbol_invalid" time="0.933" /><testcase classname="tests.test_options_earnings.TestSupplyChain" name="test_supply_chain_aapl" time="0.193" /><testcase classname="tests.test_options_earnings.TestSupplyChain" name="test_supply_chain_jnj" time="0.387" /><testcase classname="tests.test_options_earnings.TestSupplyChain" name="test_supply_chain_tsla" time="0.190" /><testcase classname="tests.test_options_earnings.TestHealthAndNavigation" name="test_api_health" time="0.135" /><testcase classname="tests.test_options_earnings.TestHealthAndNavigation" name="test_market_universe" time="0.319"><failure message="AssertionError: Response should have 'stocks' field&#10;assert 'stocks' in {'asia': [{'name': 'Toyota Motor Corp', 'region': 'Asia', 'sector': 'Consumer Cyclical', 'symbol': '7203.T'}, {'name': 'Sony Group Corp', 'region': 'Asia', 'sector': 'Technology', 'symbol': '6758.T'}, {'name': 'SoftBank Group', 'region': 'Asia', 'sector': 'Communication Services', 'symbol': '9984.T'}, {'name': 'Nippon Telegraph &amp; Telephone', 'region': 'Asia', 'sector': 'Communication Services', 'symbol': '9432.T'}, {'name': 'Mitsubishi UFJ Financial', 'region': 'Asia', 'sector': 'Financial Services', 'symbol': '8306.T'}, {'name': 'Keyence Corp', 'region': 'Asia', 'sector': 'Technology', 'symbol': '6861.T'}, ...], 'commodities': [{'name': 'Gold Futures', 'symbol': 'GC=F', 'type': 'Precious Metals'}, {'name': 'Silver Futures', 'symbol': 'SI=F', 'type': 'Precious Metals'}, {'name': 'Platinum Futures', 'symbol': 'PL=F', 'type': 'Precious Metals'}, {'name': 'Palladium Futures', 'symbol': 'PA=F', 'type': 'Precious Metals'}, {'name': 'Crude Oil WTI', 'symbol': 'CL=F', 'type': 'Energy'}, {'name': 'Brent Crude Oil', 'symbol': 'BZ=F', 'type': 'Energy'}, ...], 'europe': [{'name': 'Air Liquide', 'region': 'Europe', 'sector': 'Basic Materials', 'symbol': 'AI.PA'}, {'name': 'Airbus SE', 'region': 'Europe', 'sector': 'Industrials', 'symbol': 'AIR.PA'}, {'name': 'BNP Paribas', 'region': 'Europe', 'sector': 'Financial Services', 'symbol': 'BNP.PA'}, {'name': 'Carrefour SA', 'region': 'Europe', 'sector': 'Consumer Defensive', 'symbol': 'CA.PA'}, {'name': 'AXA SA', 'region': 'Europe', 'sector': 'Financial Services', 'symbol': 'CS.PA'}, {'name': 'Vinci SA', 'region': 'Europe', 'sector': 'Industrials', 'symbol': 'DG.PA'}, ...], 'forex': [{'base': 'EUR', 'name': 'EUR/USD', 'quote': 'USD', 'symbol': 'EURUSD=X'}, {'base': 'GBP', 'name': 'GBP/USD', 'quote': 'USD', 'symbol': 'GBPUSD=X'}, {'base': 'USD', 'name': 'USD/JPY', 'quote': 'JPY', 'symbol': 'USDJPY=X'}, {'base': 'AUD', 'name': 'AUD/USD', 'quote': 'USD', 'symbol': 'AUDUSD=X'}, {'base': 'USD', 'name': 'USD/CAD', 'quote': 'CAD', 'symbol': 'USDCAD=X'}, {'base': 'USD', 'name': 'USD/CHF', 'quote': 'CHF', 'symbol': 'USDCHF=X'}, ...], ...}">tests/test_options_earnings.py:316: in test_market_universe
    assert "stocks" in data, "Response should have 'stocks' field"
E   AssertionError: Response should have 'stocks' field
E   assert 'stocks' in {'asia': [{'name': 'Toyota Motor Corp', 'region': 'Asia', 'sector': 'Consumer Cyclical', 'symbol': '7203.T'}, {'name': 'Sony Group Corp', 'region': 'Asia', 'sector': 'Technology', 'symbol': '6758.T'}, {'name': 'SoftBank Group', 'region': 'Asia', 'sector': 'Communication Services', 'symbol': '9984.T'}, {'name': 'Nippon Telegraph &amp; Telephone', 'region': 'Asia', 'sector': 'Communication Services', 'symbol': '9432.T'}, {'name': 'Mitsubishi UFJ Financial', 'region': 'Asia', 'sector': 'Financial Services', 'symbol': '8306.T'}, {'name': 'Keyence Corp', 'region': 'Asia', 'sector': 'Technology', 'symbol': '6861.T'}, ...], 'commodities': [{'name': 'Gold Futures', 'symbol': 'GC=F', 'type': 'Precious Metals'}, {'name': 'Silver Futures', 'symbol': 'SI=F', 'type': 'Precious Metals'}, {'name': 'Platinum Futures', 'symbol': 'PL=F', 'type': 'Precious Metals'}, {'name': 'Palladium Futures', 'symbol': 'PA=F', 'type': 'Precious Metals'}, {'name': 'Crude Oil WTI', 'symbol': 'CL=F', 'type': 'Energy'}, {'name': 'Brent Crude Oil', 'symbol': 'BZ=F', 'type': 'Energy'}, ...], 'europe': [{'name': 'Air Liquide', 'region': 'Europe', 'sector': 'Basic Materials', 'symbol': 'AI.PA'}, {'name': 'Airbus SE', 'region': 'Europe', 'sector': 'Industrials', 'symbol': 'AIR.PA'}, {'name': 'BNP Paribas', 'region': 'Europe', 'sector': 'Financial Services', 'symbol': 'BNP.PA'}, {'name': 'Carrefour SA', 'region': 'Europe', 'sector': 'Consumer Defensive', 'symbol': 'CA.PA'}, {'name': 'AXA SA', 'region': 'Europe', 'sector': 'Financial Services', 'symbol': 'CS.PA'}, {'name': 'Vinci SA', 'region': 'Europe', 'sector': 'Industrials', 'symbol': 'DG.PA'}, ...], 'forex': [{'base': 'EUR', 'name': 'EUR/USD', 'quote': 'USD', 'symbol': 'EURUSD=X'}, {'base': 'GBP', 'name': 'GBP/USD', 'quote': 'USD', 'symbol': 'GBPUSD=X'}, {'base': 'USD', 'name': 'USD/JPY', 'quote': 'JPY', 'symbol': 'USDJPY=X'}, {'base': 'AUD', 'name': 'AUD/USD', 'quote': 'USD', 'symbol': 'AUDUSD=X'}, {'base': 'USD', 'name': 'USD/CAD', 'quote': 'CAD', 'symbol': 'USDCAD=X'}, {'base': 'USD', 'name': 'USD/CHF', 'quote': 'CHF', 'symbol': 'USDCHF=X'}, ...], ...}</failure></testcase></testsuite></testsuites>