<?xml version="1.0" encoding="utf-8"?><testsuites name="pytest tests"><testsuite name="pytest" errors="0" failures="0" skipped="0" tests="13" time="3.001" timestamp="2026-02-27T22:12:59.557173+00:00" hostname="agent-env-174caede-0f3c-49f2-83fa-033a5cd01bdc"><testcase classname="backend.tests.test_shareholders_supplychain.TestShareholdersHistoryAPI" name="test_shareholders_history_mc_pa" time="0.245" /><testcase classname="backend.tests.test_shareholders_supplychain.TestShareholdersHistoryAPI" name="test_shareholders_history_vow3_de" time="0.148" /><testcase classname="backend.tests.test_shareholders_supplychain.TestShareholdersHistoryAPI" name="test_shareholders_history_hsba_l" time="0.134" /><testcase classname="backend.tests.test_shareholders_supplychain.TestShareholdersHistoryAPI" name="test_shareholders_history_bmw_de" time="0.144" /><testcase classname="backend.tests.test_shareholders_supplychain.TestShareholdersHistoryAPI" name="test_shareholders_history_unknown_symbol" time="0.181" /><testcase classname="backend.tests.test_shareholders_supplychain.TestSupplyChainAPI" name="test_supplychain_bmw_de" time="0.169" /><testcase classname="backend.tests.test_shareholders_supplychain.TestSupplyChainAPI" name="test_supplychain_sap_de" time="0.153" /><testcase classname="backend.tests.test_shareholders_supplychain.TestSupplyChainAPI" name="test_supplychain_hsba_l" time="0.121" /><testcase classname="backend.tests.test_shareholders_supplychain.TestSupplyChainAPI" name="test_supplychain_bp_l" time="0.113" /><testcase classname="backend.tests.test_shareholders_supplychain.TestSupplyChainAPI" name="test_supplychain_mc_pa" time="0.117" /><testcase classname="backend.tests.test_shareholders_supplychain.TestShareholdersMainAPI" name="test_shareholders_mc_pa" time="0.653" /><testcase classname="backend.tests.test_shareholders_supplychain.TestShareholdersMainAPI" name="test_shareholders_hsba_l" time="0.349" /><testcase classname="backend.tests.test_shareholders_supplychain.TestHistoryChartData" name="test_history_has_ohlc_data" time="0.384" /></testsuite></testsuites>