<?xml version="1.0" encoding="utf-8"?><testsuites name="pytest tests"><testsuite name="pytest" errors="0" failures="0" skipped="0" tests="16" time="15.604" timestamp="2026-02-27T19:39:13.015057+00:00" hostname="agent-env-174caede-0f3c-49f2-83fa-033a5cd01bdc"><testcase classname="tests.test_options_earnings.TestOptionsExpirations" name="test_options_expirations_aapl" time="0.351" /><testcase classname="tests.test_options_earnings.TestOptionsExpirations" name="test_options_expirations_invalid_symbol" time="0.194" /><testcase classname="tests.test_options_earnings.TestOptionsChain" name="test_options_chain_aapl" time="0.555" /><testcase classname="tests.test_options_earnings.TestOptionsChain" name="test_options_chain_has_underlying_price" time="0.470" /><testcase classname="tests.test_options_earnings.TestEarningsCalendar" name="test_earnings_calendar_default" time="11.533" /><testcase classname="tests.test_options_earnings.TestEarningsCalendar" name="test_earnings_calendar_60_days" time="0.146" /><testcase classname="tests.test_options_earnings.TestEarningsCalendar" name="test_earnings_calendar_us_region" time="0.138" /><testcase classname="tests.test_options_earnings.TestEarningsCalendar" name="test_earnings_calendar_europe_region" time="0.132" /><testcase classname="tests.test_options_earnings.TestEarningsCalendar" name="test_earnings_calendar_asia_region" time="0.115" /><testcase classname="tests.test_options_earnings.TestEarningsSymbol" name="test_earnings_symbol_aapl" time="0.396" /><testcase classname="tests.test_options_earnings.TestEarningsSymbol" name="test_earnings_symbol_invalid" time="0.603" /><testcase classname="tests.test_options_earnings.TestSupplyChain" name="test_supply_chain_aapl" time="0.148" /><testcase classname="tests.test_options_earnings.TestSupplyChain" name="test_supply_chain_jnj" time="0.352" /><testcase classname="tests.test_options_earnings.TestSupplyChain" name="test_supply_chain_tsla" time="0.134" /><testcase classname="tests.test_options_earnings.TestHealthAndNavigation" name="test_api_health" time="0.116" /><testcase classname="tests.test_options_earnings.TestHealthAndNavigation" name="test_market_universe" time="0.145" /></testsuite></testsuites>